0 info it worked if it ends with ok
1 verbose cli [ '/Users/patrickpietens/.nvm/versions/node/v5.4.1/bin/node',
1 verbose cli   '/Users/patrickpietens/.nvm/versions/node/v5.4.1/bin/npm',
1 verbose cli   'publish',
1 verbose cli   './' ]
2 info using npm@3.3.12
3 info using node@v5.4.1
4 verbose publish [ './' ]
5 silly cache add args [ './', null ]
6 verbose cache add spec ./
7 silly cache add parsed spec Result {
7 silly cache add   raw: './',
7 silly cache add   scope: null,
7 silly cache add   name: null,
7 silly cache add   rawSpec: './',
7 silly cache add   spec: '/Users/patrickpietens/Work in Progress/query',
7 silly cache add   type: 'directory' }
8 verbose addLocalDirectory /Users/patrickpietens/.npm/query/1.0.0/package.tgz not in flight; packing
9 info lifecycle query@1.0.0~prepublish: query@1.0.0
10 silly lifecycle query@1.0.0~prepublish: no script for prepublish, continuing
11 verbose tar pack [ '/Users/patrickpietens/.npm/query/1.0.0/package.tgz',
11 verbose tar pack   '/Users/patrickpietens/Work in Progress/query' ]
12 verbose tarball /Users/patrickpietens/.npm/query/1.0.0/package.tgz
13 verbose folder /Users/patrickpietens/Work in Progress/query
14 verbose addLocalTarball adding from inside cache /Users/patrickpietens/.npm/query/1.0.0/package.tgz
15 silly cache afterAdd query@1.0.0
16 verbose afterAdd /Users/patrickpietens/.npm/query/1.0.0/package/package.json not in flight; writing
17 verbose afterAdd /Users/patrickpietens/.npm/query/1.0.0/package/package.json written
18 silly publish { name: 'query',
18 silly publish   version: '1.0.0',
18 silly publish   description: 'Helper function for querySelectorAll returning all elements in the DOM that matches a specified CSS selector',
18 silly publish   main: 'index.js',
18 silly publish   scripts: { test: 'echo "Error: no test specified" && exit 1' },
18 silly publish   repository:
18 silly publish    { type: 'git',
18 silly publish      url: 'git+https://github.com/patrickpietens/query.git' },
18 silly publish   keywords: [ 'query', 'querySelectorAll', 'jquery', 'Node', 'NodeList' ],
18 silly publish   author:
18 silly publish    { name: 'Patrick Pietens',
18 silly publish      email: 'hello@patrickpietens.com',
18 silly publish      url: 'http://patrickpietens.com' },
18 silly publish   license: 'MIT',
18 silly publish   bugs: { url: 'https://github.com/patrickpietens/query/issues' },
18 silly publish   homepage: 'https://github.com/patrickpietens/query#readme',
18 silly publish   gitHead: '0b10680eb22d59b0d7e32da1cf5e8af8a7173f65',
18 silly publish   readme: 'ERROR: No README data found!',
18 silly publish   _id: 'query@1.0.0',
18 silly publish   _shasum: 'c90fc5be78aaa2d323c7ecc5b38b9abcf60f4b56',
18 silly publish   _from: '.' }
19 verbose getPublishConfig undefined
20 silly mapToRegistry name query
21 silly mapToRegistry using default registry
22 silly mapToRegistry registry https://registry.npmjs.org/
23 silly mapToRegistry uri https://registry.npmjs.org/query
24 verbose publish registryBase https://registry.npmjs.org/
25 silly publish uploading /Users/patrickpietens/.npm/query/1.0.0/package.tgz
26 verbose request uri https://registry.npmjs.org/query
27 verbose request sending authorization for write operation
28 info attempt registry request try #1 at 10:57:03 PM
29 verbose request using bearer token for auth
30 verbose request id 5d51ff08674d34d0
31 http request PUT https://registry.npmjs.org/query
32 http 403 https://registry.npmjs.org/query
33 verbose headers { 'content-type': 'application/json',
33 verbose headers   'cache-control': 'max-age=300',
33 verbose headers   'content-length': '97',
33 verbose headers   'accept-ranges': 'bytes',
33 verbose headers   date: 'Thu, 04 Feb 2016 21:56:56 GMT',
33 verbose headers   via: '1.1 varnish',
33 verbose headers   connection: 'keep-alive',
33 verbose headers   'x-served-by': 'cache-ams4143-AMS',
33 verbose headers   'x-cache': 'MISS',
33 verbose headers   'x-cache-hits': '0',
33 verbose headers   'x-timer': 'S1454623015.546575,VS0,VE935' }
34 verbose request invalidating /Users/patrickpietens/.npm/registry.npmjs.org/query on PUT
35 error publish Failed PUT 403
36 verbose stack Error: You do not have permission to publish 'query'. Are you logged in as the correct user? : query
36 verbose stack     at makeError (/Users/patrickpietens/.nvm/versions/node/v5.4.1/lib/node_modules/npm/node_modules/npm-registry-client/lib/request.js:264:12)
36 verbose stack     at CachingRegistryClient.<anonymous> (/Users/patrickpietens/.nvm/versions/node/v5.4.1/lib/node_modules/npm/node_modules/npm-registry-client/lib/request.js:252:14)
36 verbose stack     at Request._callback (/Users/patrickpietens/.nvm/versions/node/v5.4.1/lib/node_modules/npm/node_modules/npm-registry-client/lib/request.js:172:14)
36 verbose stack     at Request.self.callback (/Users/patrickpietens/.nvm/versions/node/v5.4.1/lib/node_modules/npm/node_modules/request/request.js:198:22)
36 verbose stack     at emitTwo (events.js:87:13)
36 verbose stack     at Request.emit (events.js:172:7)
36 verbose stack     at Request.<anonymous> (/Users/patrickpietens/.nvm/versions/node/v5.4.1/lib/node_modules/npm/node_modules/request/request.js:1082:10)
36 verbose stack     at emitOne (events.js:82:20)
36 verbose stack     at Request.emit (events.js:169:7)
36 verbose stack     at IncomingMessage.<anonymous> (/Users/patrickpietens/.nvm/versions/node/v5.4.1/lib/node_modules/npm/node_modules/request/request.js:1009:12)
37 verbose statusCode 403
38 verbose pkgid query
39 verbose cwd /Users/patrickpietens/Work in Progress/query
40 error Darwin 15.0.0
41 error argv "/Users/patrickpietens/.nvm/versions/node/v5.4.1/bin/node" "/Users/patrickpietens/.nvm/versions/node/v5.4.1/bin/npm" "publish" "./"
42 error node v5.4.1
43 error npm  v3.3.12
44 error code E403
45 error You do not have permission to publish 'query'. Are you logged in as the correct user? : query
46 error If you need help, you may report this error at:
46 error     <https://github.com/npm/npm/issues>
47 verbose exit [ 1, true ]
